<?xml version="1.0" encoding="UTF-8"?>
<testExecutions version="1">
  <file path="/Users/ronald.cifuentes/Downloads/code2/mural/pages/index.test.tsx">
    <testCase name="&lt;Index /&gt; #1. exist - render correctly" duration="14"/>
    <testCase name="&lt;Index /&gt; #2. exist - render correctly" duration="9"/>
  </file>
</testExecutions>